0 info it worked if it ends with ok
1 verbose cli [ '/usr/local/bin/node',
1 verbose cli   '/usr/local/bin/npm',
1 verbose cli   'unpublish',
1 verbose cli   '@halee9/datamodels',
1 verbose cli   '--force' ]
2 info using npm@3.10.9
3 info using node@v6.9.2
4 warn using --force I sure hope you know what you are doing.
5 silly unpublish args[0] @halee9/datamodels
6 silly unpublish thing Result {
6 silly unpublish   raw: '@halee9/datamodels',
6 silly unpublish   scope: '@halee9',
6 silly unpublish   escapedName: '@halee9%2fdatamodels',
6 silly unpublish   name: '@halee9/datamodels',
6 silly unpublish   rawSpec: '',
6 silly unpublish   spec: 'latest',
6 silly unpublish   type: 'tag' }
7 verbose getPublishConfig null
8 silly ls normalized @halee9/datamodels
9 silly gentlyRm /Users/halee/.npm/@halee9/datamodels is being purged
10 verbose gentlyRm don't care about contents; nuking /Users/halee/.npm/@halee9/datamodels
11 silly mapToRegistry name @halee9/datamodels
12 silly mapToRegistry scope (from package name) @halee9
13 silly mapToRegistry registry https://registry.npmjs.org/
14 silly mapToRegistry data Result {
14 silly mapToRegistry   raw: '@halee9/datamodels',
14 silly mapToRegistry   scope: '@halee9',
14 silly mapToRegistry   escapedName: '@halee9%2fdatamodels',
14 silly mapToRegistry   name: '@halee9/datamodels',
14 silly mapToRegistry   rawSpec: '',
14 silly mapToRegistry   spec: 'latest',
14 silly mapToRegistry   type: 'tag' }
15 silly mapToRegistry uri https://registry.npmjs.org/@halee9%2fdatamodels
16 verbose get GET as part of write; not caching result
17 verbose request uri https://registry.npmjs.org/@halee9%2fdatamodels?write=true
18 verbose request no auth needed
19 info attempt registry request try #1 at 10:42:54 PM
20 verbose request using bearer token for auth
21 verbose request id 0ef5f91806ee2515
22 http request GET https://registry.npmjs.org/@halee9%2fdatamodels?write=true
23 http 200 https://registry.npmjs.org/@halee9%2fdatamodels?write=true
24 verbose headers { server: 'CouchDB/1.5.0 (Erlang OTP/R16B03)',
24 verbose headers   'content-type': 'application/json',
24 verbose headers   etag: '"5860c97c-11dc"',
24 verbose headers   'content-encoding': 'gzip',
24 verbose headers   'cache-control': 'max-age=0',
24 verbose headers   'transfer-encoding': 'chunked',
24 verbose headers   'accept-ranges': 'bytes',
24 verbose headers   date: 'Sun, 08 Jan 2017 06:42:54 GMT',
24 verbose headers   via: '1.1 varnish',
24 verbose headers   connection: 'keep-alive',
24 verbose headers   'x-served-by': 'cache-sjc3131-SJC',
24 verbose headers   'x-cache': 'MISS',
24 verbose headers   'x-cache-hits': '0',
24 verbose headers   'x-timer': 'S1483857774.330630,VS0,VE191',
24 verbose headers   vary: 'Accept-Encoding' }
25 silly get cb [ 200,
25 silly get   { server: 'CouchDB/1.5.0 (Erlang OTP/R16B03)',
25 silly get     'content-type': 'application/json',
25 silly get     etag: '"5860c97c-11dc"',
25 silly get     'content-encoding': 'gzip',
25 silly get     'cache-control': 'max-age=0',
25 silly get     'transfer-encoding': 'chunked',
25 silly get     'accept-ranges': 'bytes',
25 silly get     date: 'Sun, 08 Jan 2017 06:42:54 GMT',
25 silly get     via: '1.1 varnish',
25 silly get     connection: 'keep-alive',
25 silly get     'x-served-by': 'cache-sjc3131-SJC',
25 silly get     'x-cache': 'MISS',
25 silly get     'x-cache-hits': '0',
25 silly get     'x-timer': 'S1483857774.330630,VS0,VE191',
25 silly get     vary: 'Accept-Encoding' } ]
26 verbose get saving @halee9/datamodels to /Users/halee/.npm/registry.npmjs.org/_40halee9_252fdatamodels_3Fwrite_3Dtrue/.cache.json
27 verbose correctMkdir /Users/halee/.npm correctMkdir not in flight; initializing
28 info unpublish No version specified, removing all
29 verbose request uri https://registry.npmjs.org/@halee9%2fdatamodels/-rev/3-11638a536a742c960e40e1e6c69d42d9
30 verbose request sending authorization for write operation
31 info attempt registry request try #1 at 10:42:54 PM
32 verbose request using bearer token for auth
33 http request DELETE https://registry.npmjs.org/@halee9%2fdatamodels/-rev/3-11638a536a742c960e40e1e6c69d42d9
34 http 400 https://registry.npmjs.org/@halee9%2fdatamodels/-rev/3-11638a536a742c960e40e1e6c69d42d9
35 verbose headers { 'content-type': 'application/json',
35 verbose headers   'cache-control': 'max-age=0',
35 verbose headers   'content-length': '17',
35 verbose headers   'accept-ranges': 'bytes',
35 verbose headers   date: 'Sun, 08 Jan 2017 06:42:54 GMT',
35 verbose headers   via: '1.1 varnish',
35 verbose headers   connection: 'keep-alive',
35 verbose headers   'x-served-by': 'cache-sjc3131-SJC',
35 verbose headers   'x-cache': 'MISS',
35 verbose headers   'x-cache-hits': '0',
35 verbose headers   'x-timer': 'S1483857774.672748,VS0,VE53' }
36 verbose request invalidating /Users/halee/.npm/registry.npmjs.org/_40halee9_252fdatamodels on DELETE
37 verbose stack Error: Registry returned 400 for DELETE on https://registry.npmjs.org/@halee9%2fdatamodels/-rev/3-11638a536a742c960e40e1e6c69d42d9
37 verbose stack     at makeError (/usr/local/lib/node_modules/npm/node_modules/npm-registry-client/lib/request.js:302:12)
37 verbose stack     at CachingRegistryClient.<anonymous> (/usr/local/lib/node_modules/npm/node_modules/npm-registry-client/lib/request.js:280:14)
37 verbose stack     at Request._callback (/usr/local/lib/node_modules/npm/node_modules/npm-registry-client/lib/request.js:210:14)
37 verbose stack     at Request.self.callback (/usr/local/lib/node_modules/npm/node_modules/request/request.js:187:22)
37 verbose stack     at emitTwo (events.js:106:13)
37 verbose stack     at Request.emit (events.js:191:7)
37 verbose stack     at Request.<anonymous> (/usr/local/lib/node_modules/npm/node_modules/request/request.js:1048:10)
37 verbose stack     at emitOne (events.js:96:13)
37 verbose stack     at Request.emit (events.js:188:7)
37 verbose stack     at IncomingMessage.<anonymous> (/usr/local/lib/node_modules/npm/node_modules/request/request.js:969:12)
38 verbose statusCode 400
39 verbose pkgid @halee9/datamodels
40 verbose cwd /Users/halee/Projects/datamodels
41 error Darwin 16.3.0
42 error argv "/usr/local/bin/node" "/usr/local/bin/npm" "unpublish" "@halee9/datamodels" "--force"
43 error node v6.9.2
44 error npm  v3.10.9
45 error code E400
46 error Registry returned 400 for DELETE on https://registry.npmjs.org/@halee9%2fdatamodels/-rev/3-11638a536a742c960e40e1e6c69d42d9
47 error If you need help, you may report this error at:
47 error     <https://github.com/npm/npm/issues>
48 verbose exit [ 1, true ]
